<?xml version="1.0" encoding="UTF-8"?>
<testng-results ignored="0" total="1" passed="1" failed="0" skipped="0">
  <reporter-output>
  </reporter-output>
  <suite started-at="2023-05-31T10:18:08 IST" name="Default suite" finished-at="2023-05-31T10:18:24 IST" duration-ms="15735">
    <groups>
    </groups>
    <test started-at="2023-05-31T10:18:08 IST" name="Default test" finished-at="2023-05-31T10:18:24 IST" duration-ms="15735">
      <class name="com.helix.qa.testcases.AdminsPageTest">
        <test-method is-config="true" signature="setup()[pri:0, instance:com.helix.qa.testcases.AdminsPageTest@5fbdfdcf]" started-at="2023-05-31T10:18:08 IST" name="setup" finished-at="2023-05-31T10:18:15 IST" duration-ms="6925" status="PASS">
          <reporter-output>
          </reporter-output>
        </test-method> <!-- setup -->
        <test-method signature="adminlist()[pri:0, instance:com.helix.qa.testcases.AdminsPageTest@5fbdfdcf]" started-at="2023-05-31T10:18:15 IST" name="adminlist" description="Verify Admin list " finished-at="2023-05-31T10:18:22 IST" duration-ms="7441" status="PASS">
          <reporter-output>
          </reporter-output>
        </test-method> <!-- adminlist -->
        <test-method is-config="true" signature="teardown()[pri:0, instance:com.helix.qa.testcases.AdminsPageTest@5fbdfdcf]" started-at="2023-05-31T10:18:22 IST" name="teardown" finished-at="2023-05-31T10:18:24 IST" duration-ms="1315" status="PASS">
          <reporter-output>
          </reporter-output>
        </test-method> <!-- teardown -->
      </class> <!-- com.helix.qa.testcases.AdminsPageTest -->
    </test> <!-- Default test -->
  </suite> <!-- Default suite -->
</testng-results>
